0 info it worked if it ends with ok
1 verbose cli [ '/usr/local/bin/node', '/usr/local/bin/npm', 'install' ]
2 info using npm@1.3.11
3 info using node@v0.10.21
4 warn package.json internlabs@0.1.0 No repository field.
5 verbose readDependencies using package.json deps
6 verbose install where, deps [ '/Applications/MAMP/htdocs/InternLabs',
6 verbose install   [ 'kraken-js',
6 verbose install     'express',
6 verbose install     'adaro',
6 verbose install     'nconf',
6 verbose install     'less',
6 verbose install     'makara',
6 verbose install     'async',
6 verbose install     'ejs',
6 verbose install     'moment',
6 verbose install     'mongoose',
6 verbose install     'passport',
6 verbose install     'passport-local',
6 verbose install     'bcrypt',
6 verbose install     'dustjs-helpers',
6 verbose install     'nodemailer',
6 verbose install     'lodash',
6 verbose install     'mocha',
6 verbose install     'supertest',
6 verbose install     'grunt',
6 verbose install     'grunt-contrib-less',
6 verbose install     'grunt-contrib-clean',
6 verbose install     'grunt-contrib-jshint',
6 verbose install     'grunt-contrib-copy',
6 verbose install     'grunt-contrib-concat',
6 verbose install     'grunt-contrib-watch',
6 verbose install     'grunt-contrib-uglify',
6 verbose install     'grunt-ngmin',
6 verbose install     'grunt-html2js' ] ]
7 info preinstall internlabs@0.1.0
8 verbose readDependencies using package.json deps
9 verbose already installed skipping nconf@~0.6.8 /Applications/MAMP/htdocs/InternLabs
10 verbose already installed skipping kraken-js@~0.7.0 /Applications/MAMP/htdocs/InternLabs
11 verbose already installed skipping express@~3.4.4 /Applications/MAMP/htdocs/InternLabs
12 verbose already installed skipping less@~1.6.1 /Applications/MAMP/htdocs/InternLabs
13 verbose already installed skipping adaro@~0.1.x /Applications/MAMP/htdocs/InternLabs
14 verbose already installed skipping makara@~0.3.0 /Applications/MAMP/htdocs/InternLabs
15 verbose already installed skipping async@* /Applications/MAMP/htdocs/InternLabs
16 verbose already installed skipping ejs@* /Applications/MAMP/htdocs/InternLabs
17 verbose already installed skipping moment@* /Applications/MAMP/htdocs/InternLabs
18 verbose already installed skipping mongoose@3.8.x /Applications/MAMP/htdocs/InternLabs
19 verbose already installed skipping passport@* /Applications/MAMP/htdocs/InternLabs
20 verbose already installed skipping passport-local@* /Applications/MAMP/htdocs/InternLabs
21 verbose already installed skipping bcrypt@* /Applications/MAMP/htdocs/InternLabs
22 verbose already installed skipping dustjs-helpers@* /Applications/MAMP/htdocs/InternLabs
23 verbose already installed skipping nodemailer@0.6.x /Applications/MAMP/htdocs/InternLabs
24 verbose already installed skipping lodash@~2.4.1 /Applications/MAMP/htdocs/InternLabs
25 verbose already installed skipping mocha@~1.17.0 /Applications/MAMP/htdocs/InternLabs
26 verbose already installed skipping supertest@~0.8.2 /Applications/MAMP/htdocs/InternLabs
27 verbose already installed skipping grunt@~0.4.1 /Applications/MAMP/htdocs/InternLabs
28 verbose already installed skipping grunt-contrib-less@~0.9.0 /Applications/MAMP/htdocs/InternLabs
29 verbose already installed skipping grunt-contrib-clean@~0.4.1 /Applications/MAMP/htdocs/InternLabs
30 verbose already installed skipping grunt-contrib-jshint@~0.4.3 /Applications/MAMP/htdocs/InternLabs
31 verbose already installed skipping grunt-contrib-copy@~0.4.1 /Applications/MAMP/htdocs/InternLabs
32 verbose already installed skipping grunt-contrib-concat@~0.3.0 /Applications/MAMP/htdocs/InternLabs
33 verbose already installed skipping grunt-contrib-watch@~0.4.0 /Applications/MAMP/htdocs/InternLabs
34 verbose already installed skipping grunt-contrib-uglify@~0.2.0 /Applications/MAMP/htdocs/InternLabs
35 verbose already installed skipping grunt-ngmin@0.0.2 /Applications/MAMP/htdocs/InternLabs
36 verbose already installed skipping grunt-html2js@~0.1.3 /Applications/MAMP/htdocs/InternLabs
37 silly resolved []
38 info build /Applications/MAMP/htdocs/InternLabs
39 verbose linkStuff [ false, false, false, '/Applications/MAMP/htdocs' ]
40 info linkStuff internlabs@0.1.0
41 verbose linkBins internlabs@0.1.0
42 verbose linkMans internlabs@0.1.0
43 verbose rebuildBundles internlabs@0.1.0
44 verbose rebuildBundles [ '.bin',
44 verbose rebuildBundles   'adaro',
44 verbose rebuildBundles   'async',
44 verbose rebuildBundles   'bcrypt',
44 verbose rebuildBundles   'dustjs-helpers',
44 verbose rebuildBundles   'dustjs-linkedin',
44 verbose rebuildBundles   'ejs',
44 verbose rebuildBundles   'express',
44 verbose rebuildBundles   'grunt',
44 verbose rebuildBundles   'grunt-contrib-clean',
44 verbose rebuildBundles   'grunt-contrib-concat',
44 verbose rebuildBundles   'grunt-contrib-copy',
44 verbose rebuildBundles   'grunt-contrib-jshint',
44 verbose rebuildBundles   'grunt-contrib-less',
44 verbose rebuildBundles   'grunt-contrib-uglify',
44 verbose rebuildBundles   'grunt-contrib-watch',
44 verbose rebuildBundles   'grunt-html2js',
44 verbose rebuildBundles   'grunt-ngmin',
44 verbose rebuildBundles   'kraken-js',
44 verbose rebuildBundles   'less',
44 verbose rebuildBundles   'lodash',
44 verbose rebuildBundles   'makara',
44 verbose rebuildBundles   'mocha',
44 verbose rebuildBundles   'moment',
44 verbose rebuildBundles   'mongoose',
44 verbose rebuildBundles   'nconf',
44 verbose rebuildBundles   'nodemailer',
44 verbose rebuildBundles   'passport',
44 verbose rebuildBundles   'passport-local',
44 verbose rebuildBundles   'supertest' ]
45 verbose rebuild bundle /Applications/MAMP/htdocs/InternLabs/node_modules/dustjs-linkedin
46 info build /Applications/MAMP/htdocs/InternLabs/node_modules/dustjs-linkedin
47 info preinstall dustjs-linkedin@2.3.4
48 verbose linkStuff [ false,
48 verbose linkStuff   false,
48 verbose linkStuff   false,
48 verbose linkStuff   '/Applications/MAMP/htdocs/InternLabs/node_modules' ]
49 info linkStuff dustjs-linkedin@2.3.4
50 verbose linkBins dustjs-linkedin@2.3.4
51 verbose link bins [ { dustc: './bin/dustc' },
51 verbose link bins   '/Applications/MAMP/htdocs/InternLabs/node_modules/.bin',
51 verbose link bins   false ]
52 verbose linkMans dustjs-linkedin@2.3.4
53 verbose rebuildBundles dustjs-linkedin@2.3.4
54 error Error: EACCES, unlink '/Applications/MAMP/htdocs/InternLabs/node_modules/.bin/dustc'
54 error  { [Error: EACCES, unlink '/Applications/MAMP/htdocs/InternLabs/node_modules/.bin/dustc']
54 error   errno: 3,
54 error   code: 'EACCES',
54 error   path: '/Applications/MAMP/htdocs/InternLabs/node_modules/.bin/dustc' }
55 error Please try running this command again as root/Administrator.
56 error System Darwin 13.1.0
57 error command "/usr/local/bin/node" "/usr/local/bin/npm" "install"
58 error cwd /Applications/MAMP/htdocs/InternLabs
59 error node -v v0.10.21
60 error npm -v 1.3.11
61 error path /Applications/MAMP/htdocs/InternLabs/node_modules/.bin/dustc
62 error code EACCES
63 error errno 3
64 error stack Error: EACCES, unlink '/Applications/MAMP/htdocs/InternLabs/node_modules/.bin/dustc'
65 verbose exit [ 3, true ]
